{"/Users/isaacmac/Cryptocurrency/Link.js": {"path":"/Users/isaacmac/Cryptocurrency/Link.js","statementMap":{"0":{"start":{"line":3,"column":15},"end":{"line":6,"column":1}},"1":{"start":{"line":8,"column":13},"end":{"line":29,"column":1}},"2":{"start":{"line":9,"column":32},"end":{"line":9,"column":55}},"3":{"start":{"line":11,"column":25},"end":{"line":13,"column":5}},"4":{"start":{"line":12,"column":8},"end":{"line":12,"column":34}},"5":{"start":{"line":15,"column":25},"end":{"line":17,"column":5}},"6":{"start":{"line":16,"column":8},"end":{"line":16,"column":33}},"7":{"start":{"line":19,"column":4},"end":{"line":28,"column":6}}},"fnMap":{"0":{"name":"(anonymous_0)","decl":{"start":{"line":8,"column":13},"end":{"line":8,"column":14}},"loc":{"start":{"line":8,"column":37},"end":{"line":29,"column":1}},"line":8},"1":{"name":"(anonymous_1)","decl":{"start":{"line":11,"column":25},"end":{"line":11,"column":26}},"loc":{"start":{"line":11,"column":31},"end":{"line":13,"column":5}},"line":11},"2":{"name":"(anonymous_2)","decl":{"start":{"line":15,"column":25},"end":{"line":15,"column":26}},"loc":{"start":{"line":15,"column":31},"end":{"line":17,"column":5}},"line":15}},"branchMap":{"0":{"loc":{"start":{"line":22,"column":18},"end":{"line":22,"column":29}},"type":"binary-expr","locations":[{"start":{"line":22,"column":18},"end":{"line":22,"column":22}},{"start":{"line":22,"column":26},"end":{"line":22,"column":29}}],"line":22}},"s":{"0":1,"1":1,"2":3,"3":3,"4":1,"5":3,"6":1,"7":3},"f":{"0":3,"1":1,"2":1},"b":{"0":[3,0]},"_coverageSchema":"1a1c01bbd47fc00a2c39e90264f33305004495a9","hash":"999b12e9cf738a0440788c6d266e1130cf7599a8"}
}
